\BOOKMARK [-1][-]{part.1}{\376\377\000I\000\040\000S\000e\000t\000s\000\040\000a\000n\000d\000\040\000R\000e\000l\000a\000t\000i\000o\000n\000s}{}% 1
\BOOKMARK [0][-]{chapter.1}{\376\377\000S\000e\000t\000s}{part.1}% 2
\BOOKMARK [1][-]{section*.2}{\376\377\000E\000x\000e\000r\000c\000i\000s\000e\000s}{chapter.1}% 3
\BOOKMARK [0][-]{chapter.2}{\376\377\000R\000e\000l\000a\000t\000i\000o\000n\000s\000\040\000a\000n\000d\000\040\000O\000p\000e\000r\000a\000t\000i\000o\000n\000s}{part.1}% 4
\BOOKMARK [1][-]{section.2.1}{\376\377\000R\000e\000l\000a\000t\000i\000o\000n\000s}{chapter.2}% 5
\BOOKMARK [1][-]{section.2.2}{\376\377\000P\000r\000o\000p\000e\000r\000t\000i\000e\000s\000\040\000o\000f\000\040\000b\000i\000n\000a\000r\000y\000\040\000r\000e\000l\000a\000t\000i\000o\000n\000s}{chapter.2}% 6
\BOOKMARK [1][-]{section.2.3}{\376\377\000E\000q\000u\000i\000v\000a\000l\000e\000n\000c\000e\000\040\000r\000e\000l\000a\000t\000i\000o\000n\000s}{chapter.2}% 7
\BOOKMARK [1][-]{section.2.4}{\376\377\000E\000q\000u\000i\000v\000a\000l\000e\000n\000c\000e\000\040\000s\000e\000t\000s}{chapter.2}% 8
\BOOKMARK [1][-]{section.2.5}{\376\377\000O\000r\000d\000e\000r\000i\000n\000g\000\040\000i\000n\000\040\000s\000e\000t\000s}{chapter.2}% 9
\BOOKMARK [1][-]{section.2.6}{\376\377\000O\000p\000e\000r\000a\000t\000i\000o\000n\000s}{chapter.2}% 10
\BOOKMARK [1][-]{section.2.7}{\376\377\000T\000y\000p\000e\000s\000\040\000o\000f\000\040\000b\000i\000n\000a\000r\000y\000\040\000o\000p\000e\000r\000a\000t\000i\000o\000n\000s}{chapter.2}% 11
\BOOKMARK [1][-]{section.2.8}{\376\377\000W\000e\000l\000l\000-\000d\000e\000f\000i\000n\000e\000d\000\040\000o\000p\000e\000r\000a\000t\000i\000o\000n\000s}{chapter.2}% 12
\BOOKMARK [1][-]{section.2.9}{\376\377\000I\000s\000o\000m\000o\000r\000p\000h\000i\000s\000m\000s}{chapter.2}% 13
\BOOKMARK [1][-]{section.2.10}{\376\377\000P\000e\000r\000m\000u\000t\000a\000t\000i\000o\000n\000s}{chapter.2}% 14
\BOOKMARK [1][-]{section.2.11}{\376\377\000T\000r\000a\000n\000s\000p\000o\000s\000i\000t\000i\000o\000n\000s}{chapter.2}% 15
\BOOKMARK [-1][-]{part.2}{\376\377\000I\000I\000\040\000N\000u\000m\000b\000e\000r\000\040\000S\000y\000s\000t\000e\000m\000s}{}% 16
\BOOKMARK [0][-]{chapter.3}{\376\377\000T\000h\000e\000\040\000N\000a\000t\000u\000r\000a\000l\000\040\000N\000u\000m\000b\000e\000r\000s}{part.2}% 17
\BOOKMARK [0][-]{chapter.4}{\376\377\000T\000h\000e\000\040\000I\000n\000t\000e\000g\000e\000r\000s}{part.2}% 18
\BOOKMARK [0][-]{chapter.5}{\376\377\000S\000o\000m\000e\000\040\000P\000r\000o\000p\000e\000r\000t\000i\000e\000s\000\040\000o\000f\000\040\000I\000n\000t\000e\000g\000e\000r\000s}{part.2}% 19
\BOOKMARK [0][-]{chapter.6}{\376\377\000T\000h\000e\000\040\000R\000a\000t\000i\000o\000n\000a\000l\000\040\000N\000u\000m\000b\000e\000r\000s}{part.2}% 20
\BOOKMARK [0][-]{chapter.7}{\376\377\000T\000h\000e\000\040\000R\000e\000a\000l\000\040\000N\000u\000m\000b\000e\000r\000s}{part.2}% 21
\BOOKMARK [0][-]{chapter.8}{\376\377\000T\000h\000e\000\040\000C\000o\000m\000p\000l\000e\000x\000\040\000N\000u\000m\000b\000e\000r\000s}{part.2}% 22
\BOOKMARK [-1][-]{part.3}{\376\377\000I\000I\000I\000\040\000G\000r\000o\000u\000p\000s\000,\000\040\000R\000i\000n\000g\000s\000,\000\040\000a\000n\000d\000\040\000F\000i\000e\000l\000d\000s}{}% 23
\BOOKMARK [0][-]{chapter.9}{\376\377\000G\000r\000o\000u\000p\000s}{part.3}% 24
\BOOKMARK [1][-]{section.9.1}{\376\377\000G\000r\000o\000u\000p\000s}{chapter.9}% 25
\BOOKMARK [1][-]{section.9.2}{\376\377\000S\000i\000m\000p\000l\000e\000\040\000P\000r\000o\000p\000e\000r\000t\000i\000e\000s\000\040\000o\000f\000\040\000G\000r\000o\000u\000p\000s}{chapter.9}% 26
\BOOKMARK [1][-]{section.9.3}{\376\377\000S\000u\000b\000g\000r\000o\000u\000p\000s}{chapter.9}% 27
\BOOKMARK [1][-]{section.9.4}{\376\377\000C\000y\000c\000l\000i\000c\000\040\000g\000r\000o\000u\000p\000s}{chapter.9}% 28
\BOOKMARK [1][-]{section.9.5}{\376\377\000P\000e\000r\000m\000u\000t\000a\000t\000i\000o\000n\000\040\000g\000r\000o\000u\000p\000s}{chapter.9}% 29
\BOOKMARK [1][-]{section.9.6}{\376\377\000H\000o\000m\000o\000m\000o\000r\000p\000h\000i\000s\000m\000s}{chapter.9}% 30
\BOOKMARK [1][-]{section.9.7}{\376\377\000I\000s\000o\000m\000o\000r\000p\000h\000i\000s\000m\000s}{chapter.9}% 31
\BOOKMARK [1][-]{section.9.8}{\376\377\000C\000o\000s\000e\000t\000s}{chapter.9}% 32
\BOOKMARK [1][-]{section.9.9}{\376\377\000N\000o\000r\000m\000a\000l\000\040\000s\000u\000b\000g\000r\000o\000u\000p\000s}{chapter.9}% 33
\BOOKMARK [1][-]{section.9.10}{\376\377\000Q\000u\000o\000t\000i\000e\000n\000t\000\040\000g\000r\000o\000u\000p\000s}{chapter.9}% 34
\BOOKMARK [1][-]{section.9.11}{\376\377\000P\000r\000o\000d\000u\000c\000t\000\040\000o\000f\000\040\000s\000u\000b\000g\000r\000o\000u\000p\000s}{chapter.9}% 35
\BOOKMARK [1][-]{section.9.12}{\376\377\000C\000o\000m\000p\000o\000s\000i\000t\000i\000o\000n\000\040\000s\000e\000r\000i\000e\000s}{chapter.9}% 36
\BOOKMARK [1][-]{section*.5}{\376\377\000E\000x\000e\000r\000c\000i\000s\000e\000s}{chapter.9}% 37
\BOOKMARK [0][-]{chapter.10}{\376\377\000F\000u\000r\000t\000h\000e\000r\000\040\000T\000o\000p\000i\000c\000s\000\040\000o\000n\000\040\000G\000r\000o\000u\000p\000\040\000T\000h\000e\000o\000r\000y}{part.3}% 38
\BOOKMARK [1][-]{section.10.1}{\376\377\000F\000u\000r\000t\000h\000e\000r\000\040\000T\000o\000p\000i\000c\000s\000\040\000o\000n\000\040\000G\000r\000o\000u\000p\000\040\000T\000h\000e\000o\000r\000y}{chapter.10}% 39
\BOOKMARK [0][-]{chapter.11}{\376\377\000R\000i\000n\000g\000s}{part.3}% 40
\BOOKMARK [1][-]{section.11.1}{\376\377\000R\000i\000n\000g\000s}{chapter.11}% 41
\BOOKMARK [1][-]{section.11.2}{\376\377\000P\000r\000o\000p\000e\000r\000t\000i\000e\000s\000\040\000o\000f\000\040\000R\000i\000n\000g\000s}{chapter.11}% 42
\BOOKMARK [1][-]{section.11.3}{\376\377\000S\000u\000b\000r\000i\000n\000g\000s}{chapter.11}% 43
\BOOKMARK [0][-]{chapter.12}{\376\377\000I\000n\000t\000e\000g\000r\000a\000l\000\040\000D\000o\000m\000a\000i\000n\000s\000,\000\040\000D\000i\000v\000i\000s\000i\000o\000n\000\040\000R\000i\000n\000g\000s\000,\000\040\000a\000n\000d\000\040\000F\000i\000e\000l\000d\000s}{part.3}% 44
\BOOKMARK [0][-]{chapter.13}{\376\377\000P\000o\000l\000y\000n\000o\000m\000i\000a\000l\000s}{part.3}% 45
\BOOKMARK [0][-]{chapter.14}{\376\377\000V\000e\000c\000t\000o\000r\000\040\000S\000p\000a\000c\000e\000s}{part.3}% 46
\BOOKMARK [0][-]{chapter.15}{\376\377\000M\000a\000t\000r\000i\000c\000e\000s}{part.3}% 47
\BOOKMARK [0][-]{chapter.16}{\376\377\000M\000a\000t\000r\000i\000x\000\040\000P\000o\000l\000y\000n\000o\000m\000i\000a\000l\000s}{part.3}% 48
\BOOKMARK [0][-]{chapter.17}{\376\377\000L\000i\000n\000e\000a\000r\000\040\000A\000l\000g\000e\000b\000r\000a\000s}{part.3}% 49
\BOOKMARK [0][-]{chapter.18}{\376\377\000B\000o\000o\000l\000e\000a\000n\000\040\000A\000l\000g\000e\000b\000r\000a\000s}{part.3}% 50
